[ 2024-10-25 20:58:32,620 ] 97 werkzeug - WARNING -  * Debugger is active!
[ 2024-10-25 20:58:35,531 ] 97 werkzeug - INFO -  * Debugger PIN: 173-526-570
[ 2024-10-25 20:58:56,004 ] 97 werkzeug - INFO - 127.0.0.1 - - [25/Oct/2024 20:58:56] "POST /receive_data HTTP/1.1" 200 -
[ 2024-10-25 20:58:56,021 ] 88 root - INFO - Input dataset columns: ['id', 'dur', 'proto', 'service', 'state', 'spkts', 'dpkts', 'sbytes', 'dbytes', 'rate', 'sttl', 'dttl', 'sload', 'dload', 'sloss', 'dloss', 'sinpkt', 'dinpkt', 'sjit', 'djit', 'swin', 'stcpb', 'dtcpb', 'dwin', 'tcprtt', 'synack', 'ackdat', 'smean', 'dmean', 'trans_depth', 'response_body_len', 'ct_srv_src', 'ct_state_ttl', 'ct_dst_ltm', 'ct_src_dport_ltm', 'ct_dst_sport_ltm', 'ct_dst_src_ltm', 'is_ftp_login', 'ct_ftp_cmd', 'ct_flw_http_mthd', 'ct_src_ltm', 'ct_srv_dst', 'is_sm_ips_ports', 'attack_cat', 'label']
[ 2024-10-25 20:58:56,031 ] 78 root - ERROR - Error occurred during preprocessing
[ 2024-10-25 20:58:56,031 ] 123 root - ERROR - Exception occurred in prediction pipeline
[ 2024-10-25 20:59:01,070 ] 97 werkzeug - INFO - 127.0.0.1 - - [25/Oct/2024 20:59:01] "POST /receive_data HTTP/1.1" 200 -
[ 2024-10-25 20:59:01,074 ] 88 root - INFO - Input dataset columns: ['id', 'dur', 'proto', 'service', 'state', 'spkts', 'dpkts', 'sbytes', 'dbytes', 'rate', 'sttl', 'dttl', 'sload', 'dload', 'sloss', 'dloss', 'sinpkt', 'dinpkt', 'sjit', 'djit', 'swin', 'stcpb', 'dtcpb', 'dwin', 'tcprtt', 'synack', 'ackdat', 'smean', 'dmean', 'trans_depth', 'response_body_len', 'ct_srv_src', 'ct_state_ttl', 'ct_dst_ltm', 'ct_src_dport_ltm', 'ct_dst_sport_ltm', 'ct_dst_src_ltm', 'is_ftp_login', 'ct_ftp_cmd', 'ct_flw_http_mthd', 'ct_src_ltm', 'ct_srv_dst', 'is_sm_ips_ports', 'attack_cat', 'label']
[ 2024-10-25 20:59:01,088 ] 78 root - ERROR - Error occurred during preprocessing
[ 2024-10-25 20:59:01,088 ] 123 root - ERROR - Exception occurred in prediction pipeline
[ 2024-10-25 20:59:06,143 ] 97 werkzeug - INFO - 127.0.0.1 - - [25/Oct/2024 20:59:06] "POST /receive_data HTTP/1.1" 200 -
[ 2024-10-25 20:59:06,146 ] 88 root - INFO - Input dataset columns: ['id', 'dur', 'proto', 'service', 'state', 'spkts', 'dpkts', 'sbytes', 'dbytes', 'rate', 'sttl', 'dttl', 'sload', 'dload', 'sloss', 'dloss', 'sinpkt', 'dinpkt', 'sjit', 'djit', 'swin', 'stcpb', 'dtcpb', 'dwin', 'tcprtt', 'synack', 'ackdat', 'smean', 'dmean', 'trans_depth', 'response_body_len', 'ct_srv_src', 'ct_state_ttl', 'ct_dst_ltm', 'ct_src_dport_ltm', 'ct_dst_sport_ltm', 'ct_dst_src_ltm', 'is_ftp_login', 'ct_ftp_cmd', 'ct_flw_http_mthd', 'ct_src_ltm', 'ct_srv_dst', 'is_sm_ips_ports', 'attack_cat', 'label']
[ 2024-10-25 20:59:06,159 ] 78 root - ERROR - Error occurred during preprocessing
[ 2024-10-25 20:59:06,159 ] 123 root - ERROR - Exception occurred in prediction pipeline
[ 2024-10-25 20:59:11,208 ] 97 werkzeug - INFO - 127.0.0.1 - - [25/Oct/2024 20:59:11] "POST /receive_data HTTP/1.1" 200 -
[ 2024-10-25 20:59:11,211 ] 88 root - INFO - Input dataset columns: ['id', 'dur', 'proto', 'service', 'state', 'spkts', 'dpkts', 'sbytes', 'dbytes', 'rate', 'sttl', 'dttl', 'sload', 'dload', 'sloss', 'dloss', 'sinpkt', 'dinpkt', 'sjit', 'djit', 'swin', 'stcpb', 'dtcpb', 'dwin', 'tcprtt', 'synack', 'ackdat', 'smean', 'dmean', 'trans_depth', 'response_body_len', 'ct_srv_src', 'ct_state_ttl', 'ct_dst_ltm', 'ct_src_dport_ltm', 'ct_dst_sport_ltm', 'ct_dst_src_ltm', 'is_ftp_login', 'ct_ftp_cmd', 'ct_flw_http_mthd', 'ct_src_ltm', 'ct_srv_dst', 'is_sm_ips_ports', 'attack_cat', 'label']
[ 2024-10-25 20:59:11,241 ] 120 root - ERROR - Value error occurred: The feature names should match those that were passed during fit.
Feature names unseen at fit time:
- label

[ 2024-10-25 20:59:18,239 ] 97 werkzeug - INFO -  * Detected change in 'D:\\files\\s7_project\\send_data.py', reloading
